<?xml version="1.0" encoding="UTF-8"?>
<!-- Generated by org.testng.reporters.JUnitXMLReporter -->
<testsuite hostname="LAPTOP-3FK53I8J" failures="1" tests="4" name="Validating homepage contents" time="24.28" errors="0" timestamp="30 Apr 2020 03:05:38 GMT">
  <testcase classname="com.mycompany.app.FBHomeValidation" name="valCreateaccntText" time="0.081"/>
  <testcase classname="com.mycompany.app.FBHomeValidation" name="valGender" time="0.0"/>
  <testcase classname="com.mycompany.app.FBHomeValidation" name="valSignupbtn" time="0.075"/>
  <testcase classname="com.mycompany.app.FBHomeValidation" name="valTitle" time="0.006">
    <failure type="junit.framework.ComparisonFailure" message="expected:&amp;lt;...&amp;gt; but was:&amp;lt;...sign up&amp;gt;">
      <![CDATA[junit.framework.ComparisonFailure: expected:<...> but was:<...sign up>
	at junit.framework.Assert.assertEquals(Assert.java:81)
	at junit.framework.Assert.assertEquals(Assert.java:87)
	at com.mycompany.app.FBHomeValidation.valTitle(FBHomeValidation.java:31)
	at org.apache.maven.surefire.testng.TestNGExecutor.run(TestNGExecutor.java:283)
	at org.apache.maven.surefire.testng.TestNGXmlTestSuite.execute(TestNGXmlTestSuite.java:75)
	at org.apache.maven.surefire.testng.TestNGProvider.invoke(TestNGProvider.java:120)
	at org.apache.maven.surefire.booter.ForkedBooter.runSuitesInProcess(ForkedBooter.java:377)
	at org.apache.maven.surefire.booter.ForkedBooter.execute(ForkedBooter.java:138)
	at org.apache.maven.surefire.booter.ForkedBooter.run(ForkedBooter.java:465)
	at org.apache.maven.surefire.booter.ForkedBooter.main(ForkedBooter.java:451)
... Removed 21 stack frames]]>
    </failure>
  </testcase> <!-- valTitle -->
</testsuite> <!-- Validating homepage contents -->
