-------------------------------------------------------------------------------
Test set: TestSuite
-------------------------------------------------------------------------------
Tests run: 5, Failures: 1, Errors: 0, Skipped: 0, Time elapsed: 71.169 s <<< FAILURE! - in TestSuite
com.mycompany.app.FBHomeValidation.valTitle  Time elapsed: 0.025 s  <<< FAILURE!
junit.framework.ComparisonFailure: expected:<...> but was:<...sign up>
	at com.mycompany.app.FBHomeValidation.valTitle(FBHomeValidation.java:31)

