<?xml version="1.0" encoding="UTF-8"?>
<testng-results total="5" passed="4" failed="1" skipped="0">
  <reporter-output>
  </reporter-output>
  <suite started-at="2020-04-30T03:04:54Z" name="Suite" finished-at="2020-04-30T03:06:03Z" duration-ms="69030">
    <groups>
    </groups>
    <test started-at="2020-04-30T03:04:54Z" name="Validating home" finished-at="2020-04-30T03:05:14Z" duration-ms="20034">
      <class name="com.mycompany.app.FBHome">
        <test-method is-config="true" signature="openHomePage()[pri:0, instance:com.mycompany.app.FBHome@acdb094]" started-at="2020-04-30T08:34:54Z" name="openHomePage" finished-at="2020-04-30T08:35:12Z" duration-ms="17984" status="PASS">
          <reporter-output>
          </reporter-output>
        </test-method> <!-- openHomePage -->
        <test-method is-config="true" signature="closeBrowser()[pri:0, instance:com.mycompany.app.FBHome@acdb094]" started-at="2020-04-30T08:35:12Z" name="closeBrowser" finished-at="2020-04-30T08:35:14Z" duration-ms="2035" status="PASS">
          <reporter-output>
          </reporter-output>
        </test-method> <!-- closeBrowser -->
      </class> <!-- com.mycompany.app.FBHome -->
    </test> <!-- Validating home -->
    <test started-at="2020-04-30T03:05:14Z" name="Validating homepage contents" finished-at="2020-04-30T03:05:38Z" duration-ms="24280">
      <class name="com.mycompany.app.FBHomeValidation">
        <test-method is-config="true" signature="openHomePage()[pri:0, instance:com.mycompany.app.FBHomeValidation@4d722ac9]" started-at="2020-04-30T08:35:14Z" name="openHomePage" finished-at="2020-04-30T08:35:36Z" duration-ms="22215" status="PASS">
          <reporter-output>
          </reporter-output>
        </test-method> <!-- openHomePage -->
        <test-method signature="valCreateaccntText()[pri:0, instance:com.mycompany.app.FBHomeValidation@4d722ac9]" started-at="2020-04-30T08:35:36Z" name="valCreateaccntText" finished-at="2020-04-30T08:35:36Z" duration-ms="81" status="PASS">
          <reporter-output>
          </reporter-output>
        </test-method> <!-- valCreateaccntText -->
        <test-method signature="valGender()[pri:0, instance:com.mycompany.app.FBHomeValidation@4d722ac9]" started-at="2020-04-30T08:35:36Z" name="valGender" finished-at="2020-04-30T08:35:36Z" duration-ms="0" status="PASS">
          <reporter-output>
          </reporter-output>
        </test-method> <!-- valGender -->
        <test-method signature="valSignupbtn()[pri:0, instance:com.mycompany.app.FBHomeValidation@4d722ac9]" started-at="2020-04-30T08:35:36Z" name="valSignupbtn" finished-at="2020-04-30T08:35:36Z" duration-ms="75" status="PASS">
          <reporter-output>
          </reporter-output>
        </test-method> <!-- valSignupbtn -->
        <test-method signature="valTitle()[pri:0, instance:com.mycompany.app.FBHomeValidation@4d722ac9]" started-at="2020-04-30T08:35:36Z" name="valTitle" finished-at="2020-04-30T08:35:36Z" duration-ms="6" status="FAIL">
          <exception class="junit.framework.ComparisonFailure">
            <message>
              <![CDATA[expected:<...> but was:<...sign up>]]>
            </message>
            <full-stacktrace>
              <![CDATA[junit.framework.ComparisonFailure: expected:<...> but was:<...sign up>
	at junit.framework.Assert.assertEquals(Assert.java:81)
	at junit.framework.Assert.assertEquals(Assert.java:87)
	at com.mycompany.app.FBHomeValidation.valTitle(FBHomeValidation.java:31)
	at java.base/jdk.internal.reflect.NativeMethodAccessorImpl.invoke0(Native Method)
	at java.base/jdk.internal.reflect.NativeMethodAccessorImpl.invoke(NativeMethodAccessorImpl.java:62)
	at java.base/jdk.internal.reflect.DelegatingMethodAccessorImpl.invoke(DelegatingMethodAccessorImpl.java:43)
	at java.base/java.lang.reflect.Method.invoke(Method.java:567)
	at org.testng.internal.MethodInvocationHelper.invokeMethod(MethodInvocationHelper.java:80)
	at org.testng.internal.Invoker.invokeMethod(Invoker.java:714)
	at org.testng.internal.Invoker.invokeTestMethod(Invoker.java:901)
	at org.testng.internal.Invoker.invokeTestMethods(Invoker.java:1231)
	at org.testng.internal.TestMethodWorker.invokeTestMethods(TestMethodWorker.java:127)
	at org.testng.internal.TestMethodWorker.run(TestMethodWorker.java:111)
	at org.testng.TestRunner.privateRun(TestRunner.java:767)
	at org.testng.TestRunner.run(TestRunner.java:617)
	at org.testng.SuiteRunner.runTest(SuiteRunner.java:334)
	at org.testng.SuiteRunner.runSequentially(SuiteRunner.java:329)
	at org.testng.SuiteRunner.privateRun(SuiteRunner.java:291)
	at org.testng.SuiteRunner.run(SuiteRunner.java:240)
	at org.testng.SuiteRunnerWorker.runSuite(SuiteRunnerWorker.java:52)
	at org.testng.SuiteRunnerWorker.run(SuiteRunnerWorker.java:86)
	at org.testng.TestNG.runSuitesSequentially(TestNG.java:1198)
	at org.testng.TestNG.runSuitesLocally(TestNG.java:1123)
	at org.testng.TestNG.run(TestNG.java:1031)
	at org.apache.maven.surefire.testng.TestNGExecutor.run(TestNGExecutor.java:283)
	at org.apache.maven.surefire.testng.TestNGXmlTestSuite.execute(TestNGXmlTestSuite.java:75)
	at org.apache.maven.surefire.testng.TestNGProvider.invoke(TestNGProvider.java:120)
	at org.apache.maven.surefire.booter.ForkedBooter.runSuitesInProcess(ForkedBooter.java:377)
	at org.apache.maven.surefire.booter.ForkedBooter.execute(ForkedBooter.java:138)
	at org.apache.maven.surefire.booter.ForkedBooter.run(ForkedBooter.java:465)
	at org.apache.maven.surefire.booter.ForkedBooter.main(ForkedBooter.java:451)
]]>
            </full-stacktrace>
          </exception> <!-- junit.framework.ComparisonFailure -->
          <reporter-output>
          </reporter-output>
        </test-method> <!-- valTitle -->
        <test-method is-config="true" signature="closeBrowser()[pri:0, instance:com.mycompany.app.FBHomeValidation@4d722ac9]" started-at="2020-04-30T08:35:37Z" name="closeBrowser" finished-at="2020-04-30T08:35:38Z" duration-ms="1598" status="PASS">
          <reporter-output>
          </reporter-output>
        </test-method> <!-- closeBrowser -->
      </class> <!-- com.mycompany.app.FBHomeValidation -->
    </test> <!-- Validating homepage contents -->
    <test started-at="2020-04-30T03:05:38Z" name="Validating Login page" finished-at="2020-04-30T03:06:03Z" duration-ms="24664">
      <class name="com.mycompany.app.FBLogin">
        <test-method is-config="true" signature="openHomePage()[pri:0, instance:com.mycompany.app.FBLogin@56e8b606]" started-at="2020-04-30T08:35:38Z" name="openHomePage" finished-at="2020-04-30T08:35:55Z" duration-ms="16774" status="PASS">
          <reporter-output>
          </reporter-output>
        </test-method> <!-- openHomePage -->
        <test-method signature="loginTest(java.lang.String, java.lang.String)[pri:0, instance:com.mycompany.app.FBLogin@56e8b606]" started-at="2020-04-30T08:35:55Z" name="loginTest" data-provider="getData" finished-at="2020-04-30T08:36:01Z" duration-ms="6289" status="PASS">
          <params>
            <param index="0">
              <value>
                <![CDATA[Restricted.user]]>
              </value>
            </param>
            <param index="1">
              <value>
                <![CDATA[vikram.malagi]]>
              </value>
            </param>
          </params>
          <reporter-output>
          </reporter-output>
        </test-method> <!-- loginTest -->
        <test-method is-config="true" signature="closeBrowser()[pri:0, instance:com.mycompany.app.FBLogin@56e8b606]" started-at="2020-04-30T08:36:01Z" name="closeBrowser" finished-at="2020-04-30T08:36:03Z" duration-ms="1596" status="PASS">
          <reporter-output>
          </reporter-output>
        </test-method> <!-- closeBrowser -->
      </class> <!-- com.mycompany.app.FBLogin -->
    </test> <!-- Validating Login page -->
  </suite> <!-- Suite -->
</testng-results>
