<?xml version="1.0" encoding="UTF-8"?>
<testng-results ignored="0" total="4" passed="3" failed="1" skipped="0">
  <reporter-output>
  </reporter-output>
  <suite started-at="2020-04-30T08:33:27 IST" name="Default suite" finished-at="2020-04-30T08:33:45 IST" duration-ms="18233">
    <groups>
    </groups>
    <test started-at="2020-04-30T08:33:27 IST" name="Default test" finished-at="2020-04-30T08:33:45 IST" duration-ms="18233">
      <class name="com.mycompany.app.FBHomeValidation">
        <test-method is-config="true" signature="openHomePage()[pri:0, instance:com.mycompany.app.FBHomeValidation@727eb8cb]" started-at="2020-04-30T08:33:27 IST" name="openHomePage" finished-at="2020-04-30T08:33:43 IST" duration-ms="16234" status="PASS">
          <reporter-output>
          </reporter-output>
        </test-method> <!-- openHomePage -->
        <test-method signature="valCreateaccntText()[pri:0, instance:com.mycompany.app.FBHomeValidation@727eb8cb]" started-at="2020-04-30T08:33:43 IST" name="valCreateaccntText" finished-at="2020-04-30T08:33:44 IST" duration-ms="157" status="PASS">
          <reporter-output>
          </reporter-output>
        </test-method> <!-- valCreateaccntText -->
        <test-method signature="valSignupbtn()[pri:0, instance:com.mycompany.app.FBHomeValidation@727eb8cb]" started-at="2020-04-30T08:33:44 IST" name="valSignupbtn" finished-at="2020-04-30T08:33:44 IST" duration-ms="95" status="PASS">
          <reporter-output>
          </reporter-output>
        </test-method> <!-- valSignupbtn -->
        <test-method signature="valGender()[pri:0, instance:com.mycompany.app.FBHomeValidation@727eb8cb]" started-at="2020-04-30T08:33:44 IST" name="valGender" finished-at="2020-04-30T08:33:44 IST" duration-ms="0" status="PASS">
          <reporter-output>
          </reporter-output>
        </test-method> <!-- valGender -->
        <test-method signature="valTitle()[pri:0, instance:com.mycompany.app.FBHomeValidation@727eb8cb]" started-at="2020-04-30T08:33:44 IST" name="valTitle" finished-at="2020-04-30T08:33:44 IST" duration-ms="7" status="FAIL">
          <exception class="junit.framework.ComparisonFailure">
            <message>
              <![CDATA[expected:<...> but was:<...sign up>]]>
            </message>
            <full-stacktrace>
              <![CDATA[junit.framework.ComparisonFailure: expected:<...> but was:<...sign up>
at junit.framework.Assert.assertEquals(Assert.java:81)
at junit.framework.Assert.assertEquals(Assert.java:87)
at com.mycompany.app.FBHomeValidation.valTitle(FBHomeValidation.java:31)
at java.base/jdk.internal.reflect.NativeMethodAccessorImpl.invoke0(Native Method)
at java.base/jdk.internal.reflect.NativeMethodAccessorImpl.invoke(NativeMethodAccessorImpl.java:62)
at java.base/jdk.internal.reflect.DelegatingMethodAccessorImpl.invoke(DelegatingMethodAccessorImpl.java:43)
at java.base/java.lang.reflect.Method.invoke(Method.java:567)
at org.testng.internal.MethodInvocationHelper.invokeMethod(MethodInvocationHelper.java:135)
at org.testng.internal.TestInvoker.invokeMethod(TestInvoker.java:598)
at org.testng.internal.TestInvoker.invokeTestMethod(TestInvoker.java:174)
at org.testng.internal.MethodRunner.runInSequence(MethodRunner.java:46)
at org.testng.internal.TestInvoker$MethodInvocationAgent.invoke(TestInvoker.java:821)
at org.testng.internal.TestInvoker.invokeTestMethods(TestInvoker.java:147)
at org.testng.internal.TestMethodWorker.invokeTestMethods(TestMethodWorker.java:146)
at org.testng.internal.TestMethodWorker.run(TestMethodWorker.java:128)
at java.base/java.util.ArrayList.forEach(ArrayList.java:1507)
at org.testng.TestRunner.privateRun(TestRunner.java:767)
at org.testng.TestRunner.run(TestRunner.java:588)
at org.testng.SuiteRunner.runTest(SuiteRunner.java:384)
at org.testng.SuiteRunner.runSequentially(SuiteRunner.java:378)
at org.testng.SuiteRunner.privateRun(SuiteRunner.java:337)
at org.testng.SuiteRunner.run(SuiteRunner.java:286)
at org.testng.SuiteRunnerWorker.runSuite(SuiteRunnerWorker.java:53)
at org.testng.SuiteRunnerWorker.run(SuiteRunnerWorker.java:96)
at org.testng.TestNG.runSuitesSequentially(TestNG.java:1214)
at org.testng.TestNG.runSuitesLocally(TestNG.java:1136)
at org.testng.TestNG.runSuites(TestNG.java:1066)
at org.testng.TestNG.run(TestNG.java:1034)
at org.testng.remote.AbstractRemoteTestNG.run(AbstractRemoteTestNG.java:115)
at org.testng.remote.RemoteTestNG.initAndRun(RemoteTestNG.java:251)
at org.testng.remote.RemoteTestNG.main(RemoteTestNG.java:77)
]]>
            </full-stacktrace>
          </exception> <!-- junit.framework.ComparisonFailure -->
          <reporter-output>
          </reporter-output>
        </test-method> <!-- valTitle -->
        <test-method is-config="true" signature="closeBrowser()[pri:0, instance:com.mycompany.app.FBHomeValidation@727eb8cb]" started-at="2020-04-30T08:33:44 IST" name="closeBrowser" finished-at="2020-04-30T08:33:45 IST" duration-ms="1657" status="PASS">
          <reporter-output>
          </reporter-output>
        </test-method> <!-- closeBrowser -->
      </class> <!-- com.mycompany.app.FBHomeValidation -->
    </test> <!-- Default test -->
  </suite> <!-- Default suite -->
</testng-results>
